<?xml version="1.0" encoding="UTF-8"?>
<!-- Generated by org.testng.reporters.JUnitReportReporter -->
<testsuite skipped="0" hostname="DESKTOP-7IHME2E" name="com.msts.qa.testcases.HomePageTest" tests="2" failures="0" timestamp="19 Feb 2019 19:25:40 GMT" time="21.988" errors="0">
  <testcase name="verifyHomePageTitleTest" time="11.732" classname="com.msts.qa.testcases.HomePageTest"/>
  <testcase name="verifyLinkDisplayTest" time="10.256" classname="com.msts.qa.testcases.HomePageTest"/>
</testsuite> <!-- com.msts.qa.testcases.HomePageTest -->
